<?xml version="1.0" encoding="UTF-8"?>
<testng-results skipped="0" failed="1" ignored="0" total="2" passed="1">
  <reporter-output>
  </reporter-output>
  <suite name="Default suite" duration-ms="10498" started-at="2022-05-26T17:45:30 EDT" finished-at="2022-05-26T17:45:40 EDT">
    <groups>
      <group name="cucumber">
        <method signature="AbstractTestNGCucumberTests.runScenario(io.cucumber.testng.PickleWrapper,io.cucumber.testng.FeatureWrapper)[pri:0, instance:cucumberOptions.TestngTestRunner@7a36aefa]" name="runScenario" class="io.cucumber.testng.AbstractTestNGCucumberTests"/>
      </group> <!-- cucumber -->
    </groups>
    <test name="Default test" duration-ms="10498" started-at="2022-05-26T17:45:30 EDT" finished-at="2022-05-26T17:45:40 EDT">
      <class name="cucumberOptions.TestngTestRunner">
        <test-method status="PASS" signature="setUpClass(org.testng.ITestContext)[pri:0, instance:cucumberOptions.TestngTestRunner@7a36aefa]" name="setUpClass" is-config="true" duration-ms="206" started-at="2022-05-26T17:45:30 EDT" finished-at="2022-05-26T17:45:30 EDT">
          <params>
            <param index="0">
              <value>
                <![CDATA[org.testng.TestRunner@4944252c]]>
              </value>
            </param>
          </params>
          <reporter-output>
          </reporter-output>
        </test-method> <!-- setUpClass -->
        <test-method status="PASS" signature="runScenario(io.cucumber.testng.PickleWrapper,io.cucumber.testng.FeatureWrapper)[pri:0, instance:cucumberOptions.TestngTestRunner@7a36aefa]" name="runScenario" duration-ms="10236" started-at="2022-05-26T17:45:30 EDT" description="Runs Cucumber Scenarios" data-provider="scenarios" finished-at="2022-05-26T17:45:40 EDT">
          <params>
            <param index="0">
              <value>
                <![CDATA["Search experience for product search in both home and offer page"]]>
              </value>
            </param>
            <param index="1">
              <value>
                <![CDATA["Search and place the order for the products"]]>
              </value>
            </param>
          </params>
          <reporter-output>
          </reporter-output>
        </test-method> <!-- runScenario -->
        <test-method status="FAIL" signature="runScenario(io.cucumber.testng.PickleWrapper,io.cucumber.testng.FeatureWrapper)[pri:0, instance:cucumberOptions.TestngTestRunner@7a36aefa]" name="runScenario" duration-ms="10250" started-at="2022-05-26T17:45:30 EDT" description="Runs Cucumber Scenarios" data-provider="scenarios" finished-at="2022-05-26T17:45:40 EDT">
          <params>
            <param index="0">
              <value>
                <![CDATA["Search experience for product search in both home and offer page"]]>
              </value>
            </param>
            <param index="1">
              <value>
                <![CDATA["Search and place the order for the products"]]>
              </value>
            </param>
          </params>
          <exception class="java.lang.AssertionError">
            <message>
              <![CDATA[expected [Beetroot] but found [No data]]]>
            </message>
            <full-stacktrace>
              <![CDATA[java.lang.AssertionError: expected [Beetroot] but found [No data]
at org.testng.Assert.fail(Assert.java:110)
at org.testng.Assert.failNotEquals(Assert.java:1413)
at org.testng.Assert.assertEqualsImpl(Assert.java:149)
at org.testng.Assert.assertEquals(Assert.java:131)
at org.testng.Assert.assertEquals(Assert.java:655)
at org.testng.Assert.assertEquals(Assert.java:665)
at stepDefinations.OfferPageStepDefination.Validate_Product_name_in_offer_page_matches_with_Landing_page(OfferPageStepDefination.java:31)
at âœ½.Validate Product name in offer page matches with Landing page(file:///D:/My%20Stuff/Saily%20Course/Selenium/Study%20Material/Selenium_Rahul/Rahul_Workspace/CucumberFramework/src/test/java/features/searchProduct.feature:7)
]]>
            </full-stacktrace>
          </exception> <!-- java.lang.AssertionError -->
          <reporter-output>
          </reporter-output>
        </test-method> <!-- runScenario -->
        <test-method status="PASS" signature="tearDownClass()[pri:0, instance:cucumberOptions.TestngTestRunner@7a36aefa]" name="tearDownClass" is-config="true" duration-ms="7" started-at="2022-05-26T17:45:40 EDT" finished-at="2022-05-26T17:45:40 EDT">
          <reporter-output>
          </reporter-output>
        </test-method> <!-- tearDownClass -->
      </class> <!-- cucumberOptions.TestngTestRunner -->
    </test> <!-- Default test -->
  </suite> <!-- Default suite -->
</testng-results>
